<?xml version="1.0" encoding="UTF-8"?>
<!-- Generated by org.testng.reporters.JUnitXMLReporter -->
<testsuite ignored="0" hostname="MacBook-Pro-de-Alejandra.local" failures="0" tests="5" name="Surefire test" time="19.671" errors="0" timestamp="2021-06-28T12:44:39 CDT">
  <testcase classname="test.HomeTest" name="microsoftTest" time="2.457"/>
  <testcase classname="test.HomeTest" name="microsoftTest2" time="7.456"/>
  <testcase classname="test.HomeTest" name="microsoftTest3" time="3.074"/>
  <testcase classname="test.HomeTest" name="microsoftTest4" time="3.279"/>
  <testcase classname="test.HomeTest" name="microsoftTest5" time="0.141"/>
</testsuite> <!-- Surefire test -->
