<?xml version="1.0" encoding="UTF-8"?>
<testsuite xmlns:xsi="http://www.w3.org/2001/XMLSchema-instance" xsi:noNamespaceSchemaLocation="https://maven.apache.org/surefire/maven-surefire-plugin/xsd/surefire-test-report-3.0.xsd" version="3.0" name="TestSuite" time="20.155" tests="5" errors="0" skipped="0" failures="0">
  <properties>
[...]
</properties>
  <testcase name="microsoftTest" classname="test.HomeTest" time="2.444">
    <system-out><![CDATA[0 [main] INFO test.HomeTest  - All elements in nav are visible
]]></system-out>
    <system-err><![CDATA[Starting ChromeDriver 91.0.4472.101 (af52a90bf87030dd1523486a1cd3ae25c5d76c9b-refs/branch-heads/4472@{#1462}) on port 21132
Only local connections are allowed.
Please see https://chromedriver.chromium.org/security-considerations for suggestions on keeping ChromeDriver safe.
ChromeDriver was started successfully.
jun. 28, 2021 12:44:22 P.M. org.openqa.selenium.remote.ProtocolHandshake createSession
INFORMACI?N: Detected dialect: W3C
]]></system-err>
  </testcase>
  <testcase name="microsoftTest2" classname="test.HomeTest" time="7.457">
    <system-out><![CDATA[How to get Windows 10
Buy Windows 10 Home
Buy Windows 10 Pro
Remote resources & tips
Windows 7 end of support
Windows 10 features
Sync phones to computer
Windows security
Compare Windows 10 editions
Specifications & requirements
Product 1 price: $1,199.00
Product 2 price: $5,999.00
Product 3 price: $2,169.00
7459 [main] INFO test.HomeTest  - Prices were printed
]]></system-out>
  </testcase>
  <testcase name="microsoftTest3" classname="test.HomeTest" time="3.073">
    <system-out><![CDATA[Price: 1199.0
Casted Price 1199.0
resutlPrice 1199.0
Price on product page: 1199.0
]]></system-out>
  </testcase>
  <testcase name="microsoftTest4" classname="test.HomeTest" time="3.278"/>
  <testcase name="microsoftTest5" classname="test.HomeTest" time="0.142"/>
</testsuite>